<?xml version="1.0" encoding="UTF-8"?>
<testsuite xmlns:xsi="http://www.w3.org/2001/XMLSchema-instance" xsi:noNamespaceSchemaLocation="https://maven.apache.org/surefire/maven-surefire-plugin/xsd/surefire-test-report-3.0.xsd" version="3.0" name="com.example.TFG_Pipeline.controller.ProductoControllerTest" time="7.162" tests="2" errors="0" skipped="0" failures="0">
  <properties>
[...]
</properties>
  <testcase name="crearEliminarProducto" classname="com.example.TFG_Pipeline.controller.ProductoControllerTest" time="2.559">
    <system-out><![CDATA[
  .   ____          _            __ _ _
 /\\ / ___'_ __ _ _(_)_ __  __ _ \ \ \ \
( ( )\___ | '_ | '_| | '_ \/ _` | \ \ \ \
 \\/  ___)| |_)| | | | | || (_| |  ) ) ) )
  '  |____| .__|_| |_|_| |_\__, | / / / /
 =========|_|==============|___/=/_/_/_/
 :: Spring Boot ::                (v3.2.0)

2024-06-22T16:36:07.811+02:00  INFO 19692 --- [           main] c.e.T.controller.ProductoControllerTest  : Starting ProductoControllerTest using Java 17.0.2 with PID 19692 (started by Pedro in C:\Users\Pedro\IdeaProjects\TFG_Pipeline)
2024-06-22T16:36:07.817+02:00  INFO 19692 --- [           main] c.e.T.controller.ProductoControllerTest  : No active profile set, falling back to 1 default profile: "default"
2024-06-22T16:36:10.287+02:00  INFO 19692 --- [           main] o.s.b.t.m.w.SpringBootMockServletContext : Initializing Spring TestDispatcherServlet ''
2024-06-22T16:36:10.287+02:00  INFO 19692 --- [           main] o.s.t.web.servlet.TestDispatcherServlet  : Initializing Servlet ''
2024-06-22T16:36:10.289+02:00  INFO 19692 --- [           main] o.s.t.web.servlet.TestDispatcherServlet  : Completed initialization in 1 ms
2024-06-22T16:36:10.313+02:00  INFO 19692 --- [           main] c.e.T.controller.ProductoControllerTest  : Started ProductoControllerTest in 3.485 seconds (process running for 6.746)
]]></system-out>
  </testcase>
  <testcase name="crearActualizarProducto" classname="com.example.TFG_Pipeline.controller.ProductoControllerTest" time="0.026"/>
</testsuite>